ERROR - 2022-01-22 00:19:02 --> Unknown column 'id_group' in 'where clause'
CRITICAL - 2022-01-22 00:19:02 --> Unknown column 'id_group' in 'where clause'
#0 C:\xampp\htdocs\tes-jmc\system\Database\MySQLi\Connection.php(292): mysqli->query('SELECT *\nFROM `...', 0)
#1 C:\xampp\htdocs\tes-jmc\system\Database\BaseConnection.php(670): CodeIgniter\Database\MySQLi\Connection->execute('SELECT *\nFROM `...')
#2 C:\xampp\htdocs\tes-jmc\system\Database\BaseConnection.php(598): CodeIgniter\Database\BaseConnection->simpleQuery('SELECT *\nFROM `...')
#3 C:\xampp\htdocs\tes-jmc\system\Database\BaseBuilder.php(1455): CodeIgniter\Database\BaseConnection->query('SELECT *\nFROM `...', Array, false)
#4 C:\xampp\htdocs\tes-jmc\system\Model.php(210): CodeIgniter\Database\BaseBuilder->get()
#5 C:\xampp\htdocs\tes-jmc\system\BaseModel.php(622): CodeIgniter\Model->doFirst()
#6 C:\xampp\htdocs\tes-jmc\app\Controllers\ProvinsiController.php(47): CodeIgniter\BaseModel->first()
#7 C:\xampp\htdocs\tes-jmc\system\CodeIgniter.php(825): App\Controllers\ProvinsiController->formedit()
#8 C:\xampp\htdocs\tes-jmc\system\CodeIgniter.php(412): CodeIgniter\CodeIgniter->runController(Object(App\Controllers\ProvinsiController))
#9 C:\xampp\htdocs\tes-jmc\system\CodeIgniter.php(320): CodeIgniter\CodeIgniter->handleRequest(NULL, Object(Config\Cache), false)
#10 C:\xampp\htdocs\tes-jmc\public\index.php(37): CodeIgniter\CodeIgniter->run()
#11 C:\xampp\htdocs\tes-jmc\system\Commands\Server\rewrite.php(43): require_once('C:\\xampp\\htdocs...')
#12 {main}
ERROR - 2022-01-22 00:23:26 --> Unknown column 'id_group' in 'where clause'
CRITICAL - 2022-01-22 00:23:26 --> Unknown column 'id_group' in 'where clause'
#0 C:\xampp\htdocs\tes-jmc\system\Database\MySQLi\Connection.php(292): mysqli->query('SELECT *\nFROM `...', 0)
#1 C:\xampp\htdocs\tes-jmc\system\Database\BaseConnection.php(670): CodeIgniter\Database\MySQLi\Connection->execute('SELECT *\nFROM `...')
#2 C:\xampp\htdocs\tes-jmc\system\Database\BaseConnection.php(598): CodeIgniter\Database\BaseConnection->simpleQuery('SELECT *\nFROM `...')
#3 C:\xampp\htdocs\tes-jmc\system\Database\BaseBuilder.php(1455): CodeIgniter\Database\BaseConnection->query('SELECT *\nFROM `...', Array, false)
#4 C:\xampp\htdocs\tes-jmc\system\Model.php(210): CodeIgniter\Database\BaseBuilder->get()
#5 C:\xampp\htdocs\tes-jmc\system\BaseModel.php(622): CodeIgniter\Model->doFirst()
#6 C:\xampp\htdocs\tes-jmc\app\Controllers\ProvinsiController.php(47): CodeIgniter\BaseModel->first()
#7 C:\xampp\htdocs\tes-jmc\system\CodeIgniter.php(825): App\Controllers\ProvinsiController->formedit()
#8 C:\xampp\htdocs\tes-jmc\system\CodeIgniter.php(412): CodeIgniter\CodeIgniter->runController(Object(App\Controllers\ProvinsiController))
#9 C:\xampp\htdocs\tes-jmc\system\CodeIgniter.php(320): CodeIgniter\CodeIgniter->handleRequest(NULL, Object(Config\Cache), false)
#10 C:\xampp\htdocs\tes-jmc\public\index.php(37): CodeIgniter\CodeIgniter->run()
#11 C:\xampp\htdocs\tes-jmc\system\Commands\Server\rewrite.php(43): require_once('C:\\xampp\\htdocs...')
#12 {main}
CRITICAL - 2022-01-22 00:24:58 --> Trying to get property 'id_provinsi' of non-object
#0 C:\xampp\htdocs\tes-jmc\app\Views\province\provinsi.php(42): CodeIgniter\Debug\Exceptions->errorHandler(8, 'Trying to get p...', 'C:\\xampp\\htdocs...', 42, Array)
#1 C:\xampp\htdocs\tes-jmc\system\View\View.php(210): include('C:\\xampp\\htdocs...')
#2 C:\xampp\htdocs\tes-jmc\system\View\View.php(213): CodeIgniter\View\View->CodeIgniter\View\{closure}()
#3 C:\xampp\htdocs\tes-jmc\system\Common.php(1089): CodeIgniter\View\View->render('province/provin...', Array, true)
#4 C:\xampp\htdocs\tes-jmc\app\Controllers\ProvinsiController.php(20): view('province/provin...', Array)
#5 C:\xampp\htdocs\tes-jmc\system\CodeIgniter.php(825): App\Controllers\ProvinsiController->index()
#6 C:\xampp\htdocs\tes-jmc\system\CodeIgniter.php(412): CodeIgniter\CodeIgniter->runController(Object(App\Controllers\ProvinsiController))
#7 C:\xampp\htdocs\tes-jmc\system\CodeIgniter.php(320): CodeIgniter\CodeIgniter->handleRequest(NULL, Object(Config\Cache), false)
#8 C:\xampp\htdocs\tes-jmc\public\index.php(37): CodeIgniter\CodeIgniter->run()
#9 C:\xampp\htdocs\tes-jmc\system\Commands\Server\rewrite.php(43): require_once('C:\\xampp\\htdocs...')
#10 {main}
CRITICAL - 2022-01-22 00:26:07 --> Undefined variable: tampildata
#0 C:\xampp\htdocs\tes-jmc\app\Config\Routes.php(43): CodeIgniter\Debug\Exceptions->errorHandler(8, 'Undefined varia...', 'C:\\xampp\\htdocs...', 43, Array)
#1 C:\xampp\htdocs\tes-jmc\system\CodeIgniter.php(706): require('C:\\xampp\\htdocs...')
#2 C:\xampp\htdocs\tes-jmc\system\CodeIgniter.php(361): CodeIgniter\CodeIgniter->tryToRouteIt(Object(CodeIgniter\Router\RouteCollection))
#3 C:\xampp\htdocs\tes-jmc\system\CodeIgniter.php(320): CodeIgniter\CodeIgniter->handleRequest(NULL, Object(Config\Cache), false)
#4 C:\xampp\htdocs\tes-jmc\public\index.php(37): CodeIgniter\CodeIgniter->run()
#5 C:\xampp\htdocs\tes-jmc\system\Commands\Server\rewrite.php(43): require_once('C:\\xampp\\htdocs...')
#6 {main}
CRITICAL - 2022-01-22 00:27:15 --> Undefined variable: tampildata
#0 C:\xampp\htdocs\tes-jmc\app\Config\Routes.php(48): CodeIgniter\Debug\Exceptions->errorHandler(8, 'Undefined varia...', 'C:\\xampp\\htdocs...', 48, Array)
#1 C:\xampp\htdocs\tes-jmc\system\CodeIgniter.php(706): require('C:\\xampp\\htdocs...')
#2 C:\xampp\htdocs\tes-jmc\system\CodeIgniter.php(361): CodeIgniter\CodeIgniter->tryToRouteIt(Object(CodeIgniter\Router\RouteCollection))
#3 C:\xampp\htdocs\tes-jmc\system\CodeIgniter.php(320): CodeIgniter\CodeIgniter->handleRequest(NULL, Object(Config\Cache), false)
#4 C:\xampp\htdocs\tes-jmc\public\index.php(37): CodeIgniter\CodeIgniter->run()
#5 C:\xampp\htdocs\tes-jmc\system\Commands\Server\rewrite.php(43): require_once('C:\\xampp\\htdocs...')
#6 {main}
CRITICAL - 2022-01-22 00:27:19 --> Undefined variable: tampildata
#0 C:\xampp\htdocs\tes-jmc\app\Config\Routes.php(48): CodeIgniter\Debug\Exceptions->errorHandler(8, 'Undefined varia...', 'C:\\xampp\\htdocs...', 48, Array)
#1 C:\xampp\htdocs\tes-jmc\system\CodeIgniter.php(706): require('C:\\xampp\\htdocs...')
#2 C:\xampp\htdocs\tes-jmc\system\CodeIgniter.php(361): CodeIgniter\CodeIgniter->tryToRouteIt(Object(CodeIgniter\Router\RouteCollection))
#3 C:\xampp\htdocs\tes-jmc\system\CodeIgniter.php(320): CodeIgniter\CodeIgniter->handleRequest(NULL, Object(Config\Cache), false)
#4 C:\xampp\htdocs\tes-jmc\public\index.php(37): CodeIgniter\CodeIgniter->run()
#5 C:\xampp\htdocs\tes-jmc\system\Commands\Server\rewrite.php(43): require_once('C:\\xampp\\htdocs...')
#6 {main}
CRITICAL - 2022-01-22 04:52:01 --> syntax error, unexpected 'if' (T_IF)
#0 C:\xampp\htdocs\tes-jmc\system\CodeIgniter.php(361): CodeIgniter\CodeIgniter->tryToRouteIt(NULL)
#1 C:\xampp\htdocs\tes-jmc\system\CodeIgniter.php(320): CodeIgniter\CodeIgniter->handleRequest(NULL, Object(Config\Cache), false)
#2 C:\xampp\htdocs\tes-jmc\public\index.php(37): CodeIgniter\CodeIgniter->run()
#3 C:\xampp\htdocs\tes-jmc\system\Commands\Server\rewrite.php(43): require_once('C:\\xampp\\htdocs...')
#4 {main}
CRITICAL - 2022-01-22 04:52:09 --> syntax error, unexpected 'if' (T_IF)
#0 C:\xampp\htdocs\tes-jmc\system\CodeIgniter.php(361): CodeIgniter\CodeIgniter->tryToRouteIt(NULL)
#1 C:\xampp\htdocs\tes-jmc\system\CodeIgniter.php(320): CodeIgniter\CodeIgniter->handleRequest(NULL, Object(Config\Cache), false)
#2 C:\xampp\htdocs\tes-jmc\public\index.php(37): CodeIgniter\CodeIgniter->run()
#3 C:\xampp\htdocs\tes-jmc\system\Commands\Server\rewrite.php(43): require_once('C:\\xampp\\htdocs...')
#4 {main}
CRITICAL - 2022-01-22 06:08:26 --> Undefined property: App\Controllers\ProvinsiController::$ModelProvinsi
#0 C:\xampp\htdocs\tes-jmc\app\Controllers\ProvinsiController.php(64): CodeIgniter\Debug\Exceptions->errorHandler(8, 'Undefined prope...', 'C:\\xampp\\htdocs...', 64, Array)
#1 C:\xampp\htdocs\tes-jmc\system\CodeIgniter.php(825): App\Controllers\ProvinsiController->delete('6')
#2 C:\xampp\htdocs\tes-jmc\system\CodeIgniter.php(412): CodeIgniter\CodeIgniter->runController(Object(App\Controllers\ProvinsiController))
#3 C:\xampp\htdocs\tes-jmc\system\CodeIgniter.php(320): CodeIgniter\CodeIgniter->handleRequest(NULL, Object(Config\Cache), false)
#4 C:\xampp\htdocs\tes-jmc\public\index.php(37): CodeIgniter\CodeIgniter->run()
#5 C:\xampp\htdocs\tes-jmc\system\Commands\Server\rewrite.php(43): require_once('C:\\xampp\\htdocs...')
#6 {main}
CRITICAL - 2022-01-22 06:10:37 --> Object of class App\Models\ModelProvinsi could not be converted to string
#0 C:\xampp\htdocs\tes-jmc\system\CodeIgniter.php(825): App\Controllers\ProvinsiController->delete('12')
#1 C:\xampp\htdocs\tes-jmc\system\CodeIgniter.php(412): CodeIgniter\CodeIgniter->runController(Object(App\Controllers\ProvinsiController))
#2 C:\xampp\htdocs\tes-jmc\system\CodeIgniter.php(320): CodeIgniter\CodeIgniter->handleRequest(NULL, Object(Config\Cache), false)
#3 C:\xampp\htdocs\tes-jmc\public\index.php(37): CodeIgniter\CodeIgniter->run()
#4 C:\xampp\htdocs\tes-jmc\system\Commands\Server\rewrite.php(43): require_once('C:\\xampp\\htdocs...')
#5 {main}
CRITICAL - 2022-01-22 07:26:04 --> Undefined variable: tampildata
#0 C:\xampp\htdocs\tes-jmc\app\Views\province\provinsi.php(37): CodeIgniter\Debug\Exceptions->errorHandler(8, 'Undefined varia...', 'C:\\xampp\\htdocs...', 37, Array)
#1 C:\xampp\htdocs\tes-jmc\system\View\View.php(210): include('C:\\xampp\\htdocs...')
#2 C:\xampp\htdocs\tes-jmc\system\View\View.php(213): CodeIgniter\View\View->CodeIgniter\View\{closure}()
#3 C:\xampp\htdocs\tes-jmc\system\Common.php(1089): CodeIgniter\View\View->render('province/provin...', Array, true)
#4 C:\xampp\htdocs\tes-jmc\app\Controllers\ProvinsiController.php(22): view('province/provin...', Array)
#5 C:\xampp\htdocs\tes-jmc\system\CodeIgniter.php(825): App\Controllers\ProvinsiController->index()
#6 C:\xampp\htdocs\tes-jmc\system\CodeIgniter.php(412): CodeIgniter\CodeIgniter->runController(Object(App\Controllers\ProvinsiController))
#7 C:\xampp\htdocs\tes-jmc\system\CodeIgniter.php(320): CodeIgniter\CodeIgniter->handleRequest(NULL, Object(Config\Cache), false)
#8 C:\xampp\htdocs\tes-jmc\public\index.php(37): CodeIgniter\CodeIgniter->run()
#9 C:\xampp\htdocs\tes-jmc\system\Commands\Server\rewrite.php(43): require_once('C:\\xampp\\htdocs...')
#10 {main}
CRITICAL - 2022-01-22 07:27:05 --> Undefined variable: provinsi
#0 C:\xampp\htdocs\tes-jmc\app\Views\province\provinsi.php(37): CodeIgniter\Debug\Exceptions->errorHandler(8, 'Undefined varia...', 'C:\\xampp\\htdocs...', 37, Array)
#1 C:\xampp\htdocs\tes-jmc\system\View\View.php(210): include('C:\\xampp\\htdocs...')
#2 C:\xampp\htdocs\tes-jmc\system\View\View.php(213): CodeIgniter\View\View->CodeIgniter\View\{closure}()
#3 C:\xampp\htdocs\tes-jmc\system\Common.php(1089): CodeIgniter\View\View->render('province/provin...', Array, true)
#4 C:\xampp\htdocs\tes-jmc\app\Controllers\ProvinsiController.php(22): view('province/provin...', Array)
#5 C:\xampp\htdocs\tes-jmc\system\CodeIgniter.php(825): App\Controllers\ProvinsiController->index()
#6 C:\xampp\htdocs\tes-jmc\system\CodeIgniter.php(412): CodeIgniter\CodeIgniter->runController(Object(App\Controllers\ProvinsiController))
#7 C:\xampp\htdocs\tes-jmc\system\CodeIgniter.php(320): CodeIgniter\CodeIgniter->handleRequest(NULL, Object(Config\Cache), false)
#8 C:\xampp\htdocs\tes-jmc\public\index.php(37): CodeIgniter\CodeIgniter->run()
#9 C:\xampp\htdocs\tes-jmc\system\Commands\Server\rewrite.php(43): require_once('C:\\xampp\\htdocs...')
#10 {main}
CRITICAL - 2022-01-22 07:27:06 --> Undefined variable: provinsi
#0 C:\xampp\htdocs\tes-jmc\app\Views\province\provinsi.php(37): CodeIgniter\Debug\Exceptions->errorHandler(8, 'Undefined varia...', 'C:\\xampp\\htdocs...', 37, Array)
#1 C:\xampp\htdocs\tes-jmc\system\View\View.php(210): include('C:\\xampp\\htdocs...')
#2 C:\xampp\htdocs\tes-jmc\system\View\View.php(213): CodeIgniter\View\View->CodeIgniter\View\{closure}()
#3 C:\xampp\htdocs\tes-jmc\system\Common.php(1089): CodeIgniter\View\View->render('province/provin...', Array, true)
#4 C:\xampp\htdocs\tes-jmc\app\Controllers\ProvinsiController.php(22): view('province/provin...', Array)
#5 C:\xampp\htdocs\tes-jmc\system\CodeIgniter.php(825): App\Controllers\ProvinsiController->index()
#6 C:\xampp\htdocs\tes-jmc\system\CodeIgniter.php(412): CodeIgniter\CodeIgniter->runController(Object(App\Controllers\ProvinsiController))
#7 C:\xampp\htdocs\tes-jmc\system\CodeIgniter.php(320): CodeIgniter\CodeIgniter->handleRequest(NULL, Object(Config\Cache), false)
#8 C:\xampp\htdocs\tes-jmc\public\index.php(37): CodeIgniter\CodeIgniter->run()
#9 C:\xampp\htdocs\tes-jmc\system\Commands\Server\rewrite.php(43): require_once('C:\\xampp\\htdocs...')
#10 {main}
CRITICAL - 2022-01-22 07:28:35 --> Undefined variable: provinsi
#0 C:\xampp\htdocs\tes-jmc\app\Views\province\provinsi.php(37): CodeIgniter\Debug\Exceptions->errorHandler(8, 'Undefined varia...', 'C:\\xampp\\htdocs...', 37, Array)
#1 C:\xampp\htdocs\tes-jmc\system\View\View.php(210): include('C:\\xampp\\htdocs...')
#2 C:\xampp\htdocs\tes-jmc\system\View\View.php(213): CodeIgniter\View\View->CodeIgniter\View\{closure}()
#3 C:\xampp\htdocs\tes-jmc\system\Common.php(1089): CodeIgniter\View\View->render('province/provin...', Array, true)
#4 C:\xampp\htdocs\tes-jmc\app\Controllers\ProvinsiController.php(25): view('province/provin...', Array)
#5 C:\xampp\htdocs\tes-jmc\system\CodeIgniter.php(825): App\Controllers\ProvinsiController->index()
#6 C:\xampp\htdocs\tes-jmc\system\CodeIgniter.php(412): CodeIgniter\CodeIgniter->runController(Object(App\Controllers\ProvinsiController))
#7 C:\xampp\htdocs\tes-jmc\system\CodeIgniter.php(320): CodeIgniter\CodeIgniter->handleRequest(NULL, Object(Config\Cache), false)
#8 C:\xampp\htdocs\tes-jmc\public\index.php(37): CodeIgniter\CodeIgniter->run()
#9 C:\xampp\htdocs\tes-jmc\system\Commands\Server\rewrite.php(43): require_once('C:\\xampp\\htdocs...')
#10 {main}
CRITICAL - 2022-01-22 07:28:36 --> Undefined variable: provinsi
#0 C:\xampp\htdocs\tes-jmc\app\Views\province\provinsi.php(37): CodeIgniter\Debug\Exceptions->errorHandler(8, 'Undefined varia...', 'C:\\xampp\\htdocs...', 37, Array)
#1 C:\xampp\htdocs\tes-jmc\system\View\View.php(210): include('C:\\xampp\\htdocs...')
#2 C:\xampp\htdocs\tes-jmc\system\View\View.php(213): CodeIgniter\View\View->CodeIgniter\View\{closure}()
#3 C:\xampp\htdocs\tes-jmc\system\Common.php(1089): CodeIgniter\View\View->render('province/provin...', Array, true)
#4 C:\xampp\htdocs\tes-jmc\app\Controllers\ProvinsiController.php(25): view('province/provin...', Array)
#5 C:\xampp\htdocs\tes-jmc\system\CodeIgniter.php(825): App\Controllers\ProvinsiController->index()
#6 C:\xampp\htdocs\tes-jmc\system\CodeIgniter.php(412): CodeIgniter\CodeIgniter->runController(Object(App\Controllers\ProvinsiController))
#7 C:\xampp\htdocs\tes-jmc\system\CodeIgniter.php(320): CodeIgniter\CodeIgniter->handleRequest(NULL, Object(Config\Cache), false)
#8 C:\xampp\htdocs\tes-jmc\public\index.php(37): CodeIgniter\CodeIgniter->run()
#9 C:\xampp\htdocs\tes-jmc\system\Commands\Server\rewrite.php(43): require_once('C:\\xampp\\htdocs...')
#10 {main}
CRITICAL - 2022-01-22 07:28:37 --> Undefined variable: provinsi
#0 C:\xampp\htdocs\tes-jmc\app\Views\province\provinsi.php(37): CodeIgniter\Debug\Exceptions->errorHandler(8, 'Undefined varia...', 'C:\\xampp\\htdocs...', 37, Array)
#1 C:\xampp\htdocs\tes-jmc\system\View\View.php(210): include('C:\\xampp\\htdocs...')
#2 C:\xampp\htdocs\tes-jmc\system\View\View.php(213): CodeIgniter\View\View->CodeIgniter\View\{closure}()
#3 C:\xampp\htdocs\tes-jmc\system\Common.php(1089): CodeIgniter\View\View->render('province/provin...', Array, true)
#4 C:\xampp\htdocs\tes-jmc\app\Controllers\ProvinsiController.php(25): view('province/provin...', Array)
#5 C:\xampp\htdocs\tes-jmc\system\CodeIgniter.php(825): App\Controllers\ProvinsiController->index()
#6 C:\xampp\htdocs\tes-jmc\system\CodeIgniter.php(412): CodeIgniter\CodeIgniter->runController(Object(App\Controllers\ProvinsiController))
#7 C:\xampp\htdocs\tes-jmc\system\CodeIgniter.php(320): CodeIgniter\CodeIgniter->handleRequest(NULL, Object(Config\Cache), false)
#8 C:\xampp\htdocs\tes-jmc\public\index.php(37): CodeIgniter\CodeIgniter->run()
#9 C:\xampp\htdocs\tes-jmc\system\Commands\Server\rewrite.php(43): require_once('C:\\xampp\\htdocs...')
#10 {main}
CRITICAL - 2022-01-22 07:29:01 --> Undefined variable: provinsi
#0 C:\xampp\htdocs\tes-jmc\app\Views\province\provinsi.php(37): CodeIgniter\Debug\Exceptions->errorHandler(8, 'Undefined varia...', 'C:\\xampp\\htdocs...', 37, Array)
#1 C:\xampp\htdocs\tes-jmc\system\View\View.php(210): include('C:\\xampp\\htdocs...')
#2 C:\xampp\htdocs\tes-jmc\system\View\View.php(213): CodeIgniter\View\View->CodeIgniter\View\{closure}()
#3 C:\xampp\htdocs\tes-jmc\system\Common.php(1089): CodeIgniter\View\View->render('province/provin...', Array, true)
#4 C:\xampp\htdocs\tes-jmc\app\Controllers\ProvinsiController.php(25): view('province/provin...', Array)
#5 C:\xampp\htdocs\tes-jmc\system\CodeIgniter.php(825): App\Controllers\ProvinsiController->index()
#6 C:\xampp\htdocs\tes-jmc\system\CodeIgniter.php(412): CodeIgniter\CodeIgniter->runController(Object(App\Controllers\ProvinsiController))
#7 C:\xampp\htdocs\tes-jmc\system\CodeIgniter.php(320): CodeIgniter\CodeIgniter->handleRequest(NULL, Object(Config\Cache), false)
#8 C:\xampp\htdocs\tes-jmc\public\index.php(37): CodeIgniter\CodeIgniter->run()
#9 C:\xampp\htdocs\tes-jmc\system\Commands\Server\rewrite.php(43): require_once('C:\\xampp\\htdocs...')
#10 {main}
ERROR - 2022-01-22 19:52:49 --> Table 'provinsi' already exists
CRITICAL - 2022-01-22 19:58:47 --> Object of class App\Models\ModelProvinsi could not be converted to string
#0 C:\xampp\htdocs\tes-jmc\system\CodeIgniter.php(825): App\Controllers\ProvinsiController->edit('2')
#1 C:\xampp\htdocs\tes-jmc\system\CodeIgniter.php(412): CodeIgniter\CodeIgniter->runController(Object(App\Controllers\ProvinsiController))
#2 C:\xampp\htdocs\tes-jmc\system\CodeIgniter.php(320): CodeIgniter\CodeIgniter->handleRequest(NULL, Object(Config\Cache), false)
#3 C:\xampp\htdocs\tes-jmc\public\index.php(37): CodeIgniter\CodeIgniter->run()
#4 C:\xampp\htdocs\tes-jmc\system\Commands\Server\rewrite.php(43): require_once('C:\\xampp\\htdocs...')
#5 {main}
CRITICAL - 2022-01-22 20:00:18 --> Undefined variable: data
#0 C:\xampp\htdocs\tes-jmc\app\Controllers\ProvinsiController.php(48): CodeIgniter\Debug\Exceptions->errorHandler(8, 'Undefined varia...', 'C:\\xampp\\htdocs...', 48, Array)
#1 C:\xampp\htdocs\tes-jmc\system\CodeIgniter.php(825): App\Controllers\ProvinsiController->edit('2')
#2 C:\xampp\htdocs\tes-jmc\system\CodeIgniter.php(412): CodeIgniter\CodeIgniter->runController(Object(App\Controllers\ProvinsiController))
#3 C:\xampp\htdocs\tes-jmc\system\CodeIgniter.php(320): CodeIgniter\CodeIgniter->handleRequest(NULL, Object(Config\Cache), false)
#4 C:\xampp\htdocs\tes-jmc\public\index.php(37): CodeIgniter\CodeIgniter->run()
#5 C:\xampp\htdocs\tes-jmc\system\Commands\Server\rewrite.php(43): require_once('C:\\xampp\\htdocs...')
#6 {main}
CRITICAL - 2022-01-22 20:01:21 --> Call to undefined method App\Models\ModelProvinsi::All
#0 C:\xampp\htdocs\tes-jmc\app\Controllers\ProvinsiController.php(18): CodeIgniter\Model->__call('All', Array)
#1 C:\xampp\htdocs\tes-jmc\system\CodeIgniter.php(825): App\Controllers\ProvinsiController->index()
#2 C:\xampp\htdocs\tes-jmc\system\CodeIgniter.php(412): CodeIgniter\CodeIgniter->runController(Object(App\Controllers\ProvinsiController))
#3 C:\xampp\htdocs\tes-jmc\system\CodeIgniter.php(320): CodeIgniter\CodeIgniter->handleRequest(NULL, Object(Config\Cache), false)
#4 C:\xampp\htdocs\tes-jmc\public\index.php(37): CodeIgniter\CodeIgniter->run()
#5 C:\xampp\htdocs\tes-jmc\system\Commands\Server\rewrite.php(43): require_once('C:\\xampp\\htdocs...')
#6 {main}
CRITICAL - 2022-01-22 20:03:52 --> View themes, no current section.
#0 C:\xampp\htdocs\tes-jmc\app\Views\province\formeditprov.php(5): CodeIgniter\View\View->endSection()
#1 C:\xampp\htdocs\tes-jmc\system\View\View.php(210): include('C:\\xampp\\htdocs...')
#2 C:\xampp\htdocs\tes-jmc\system\View\View.php(213): CodeIgniter\View\View->CodeIgniter\View\{closure}()
#3 C:\xampp\htdocs\tes-jmc\system\Common.php(1089): CodeIgniter\View\View->render('province/formed...', Array, true)
#4 C:\xampp\htdocs\tes-jmc\app\Controllers\ProvinsiController.php(49): view('province/formed...', Array)
#5 C:\xampp\htdocs\tes-jmc\system\CodeIgniter.php(825): App\Controllers\ProvinsiController->edit('2')
#6 C:\xampp\htdocs\tes-jmc\system\CodeIgniter.php(412): CodeIgniter\CodeIgniter->runController(Object(App\Controllers\ProvinsiController))
#7 C:\xampp\htdocs\tes-jmc\system\CodeIgniter.php(320): CodeIgniter\CodeIgniter->handleRequest(NULL, Object(Config\Cache), false)
#8 C:\xampp\htdocs\tes-jmc\public\index.php(37): CodeIgniter\CodeIgniter->run()
#9 C:\xampp\htdocs\tes-jmc\system\Commands\Server\rewrite.php(43): require_once('C:\\xampp\\htdocs...')
#10 {main}
CRITICAL - 2022-01-22 20:04:35 --> View themes, no current section.
#0 C:\xampp\htdocs\tes-jmc\app\Views\province\formeditprov.php(5): CodeIgniter\View\View->endSection()
#1 C:\xampp\htdocs\tes-jmc\system\View\View.php(210): include('C:\\xampp\\htdocs...')
#2 C:\xampp\htdocs\tes-jmc\system\View\View.php(213): CodeIgniter\View\View->CodeIgniter\View\{closure}()
#3 C:\xampp\htdocs\tes-jmc\system\Common.php(1089): CodeIgniter\View\View->render('province/formed...', Array, true)
#4 C:\xampp\htdocs\tes-jmc\app\Controllers\ProvinsiController.php(49): view('province/formed...')
#5 C:\xampp\htdocs\tes-jmc\system\CodeIgniter.php(825): App\Controllers\ProvinsiController->edit('2')
#6 C:\xampp\htdocs\tes-jmc\system\CodeIgniter.php(412): CodeIgniter\CodeIgniter->runController(Object(App\Controllers\ProvinsiController))
#7 C:\xampp\htdocs\tes-jmc\system\CodeIgniter.php(320): CodeIgniter\CodeIgniter->handleRequest(NULL, Object(Config\Cache), false)
#8 C:\xampp\htdocs\tes-jmc\public\index.php(37): CodeIgniter\CodeIgniter->run()
#9 C:\xampp\htdocs\tes-jmc\system\Commands\Server\rewrite.php(43): require_once('C:\\xampp\\htdocs...')
#10 {main}
CRITICAL - 2022-01-22 20:07:04 --> Undefined variable: tampildata
#0 C:\xampp\htdocs\tes-jmc\app\Views\province\formeditprov.php(5): CodeIgniter\Debug\Exceptions->errorHandler(8, 'Undefined varia...', 'C:\\xampp\\htdocs...', 5, Array)
#1 C:\xampp\htdocs\tes-jmc\system\View\View.php(210): include('C:\\xampp\\htdocs...')
#2 C:\xampp\htdocs\tes-jmc\system\View\View.php(213): CodeIgniter\View\View->CodeIgniter\View\{closure}()
#3 C:\xampp\htdocs\tes-jmc\system\Common.php(1089): CodeIgniter\View\View->render('province/formed...', Array, true)
#4 C:\xampp\htdocs\tes-jmc\app\Controllers\ProvinsiController.php(49): view('province/formed...')
#5 C:\xampp\htdocs\tes-jmc\system\CodeIgniter.php(825): App\Controllers\ProvinsiController->edit('2')
#6 C:\xampp\htdocs\tes-jmc\system\CodeIgniter.php(412): CodeIgniter\CodeIgniter->runController(Object(App\Controllers\ProvinsiController))
#7 C:\xampp\htdocs\tes-jmc\system\CodeIgniter.php(320): CodeIgniter\CodeIgniter->handleRequest(NULL, Object(Config\Cache), false)
#8 C:\xampp\htdocs\tes-jmc\public\index.php(37): CodeIgniter\CodeIgniter->run()
#9 C:\xampp\htdocs\tes-jmc\system\Commands\Server\rewrite.php(43): require_once('C:\\xampp\\htdocs...')
#10 {main}
CRITICAL - 2022-01-22 20:10:59 --> Too few arguments to function CodeIgniter\Database\BaseBuilder::where(), 0 passed in C:\xampp\htdocs\tes-jmc\system\Model.php on line 728 and at least 1 expected
#0 C:\xampp\htdocs\tes-jmc\system\Model.php(728): CodeIgniter\Database\BaseBuilder->where()
#1 C:\xampp\htdocs\tes-jmc\app\Controllers\ProvinsiController.php(46): CodeIgniter\Model->__call('where', Array)
#2 C:\xampp\htdocs\tes-jmc\system\CodeIgniter.php(825): App\Controllers\ProvinsiController->edit('2')
#3 C:\xampp\htdocs\tes-jmc\system\CodeIgniter.php(412): CodeIgniter\CodeIgniter->runController(Object(App\Controllers\ProvinsiController))
#4 C:\xampp\htdocs\tes-jmc\system\CodeIgniter.php(320): CodeIgniter\CodeIgniter->handleRequest(NULL, Object(Config\Cache), false)
#5 C:\xampp\htdocs\tes-jmc\public\index.php(37): CodeIgniter\CodeIgniter->run()
#6 C:\xampp\htdocs\tes-jmc\system\Commands\Server\rewrite.php(43): require_once('C:\\xampp\\htdocs...')
#7 {main}
CRITICAL - 2022-01-22 20:13:58 --> Undefined variable: tampildata
#0 C:\xampp\htdocs\tes-jmc\app\Views\province\formeditprov.php(5): CodeIgniter\Debug\Exceptions->errorHandler(8, 'Undefined varia...', 'C:\\xampp\\htdocs...', 5, Array)
#1 C:\xampp\htdocs\tes-jmc\system\View\View.php(210): include('C:\\xampp\\htdocs...')
#2 C:\xampp\htdocs\tes-jmc\system\View\View.php(213): CodeIgniter\View\View->CodeIgniter\View\{closure}()
#3 C:\xampp\htdocs\tes-jmc\system\Common.php(1089): CodeIgniter\View\View->render('province/formed...', Array, true)
#4 C:\xampp\htdocs\tes-jmc\app\Controllers\ProvinsiController.php(49): view('province/formed...', Array)
#5 C:\xampp\htdocs\tes-jmc\system\CodeIgniter.php(825): App\Controllers\ProvinsiController->edit('2')
#6 C:\xampp\htdocs\tes-jmc\system\CodeIgniter.php(412): CodeIgniter\CodeIgniter->runController(Object(App\Controllers\ProvinsiController))
#7 C:\xampp\htdocs\tes-jmc\system\CodeIgniter.php(320): CodeIgniter\CodeIgniter->handleRequest(NULL, Object(Config\Cache), false)
#8 C:\xampp\htdocs\tes-jmc\public\index.php(37): CodeIgniter\CodeIgniter->run()
#9 C:\xampp\htdocs\tes-jmc\system\Commands\Server\rewrite.php(43): require_once('C:\\xampp\\htdocs...')
#10 {main}
CRITICAL - 2022-01-22 20:19:37 --> Undefined variable: tampildata
#0 C:\xampp\htdocs\tes-jmc\app\Views\province\formeditprov.php(5): CodeIgniter\Debug\Exceptions->errorHandler(8, 'Undefined varia...', 'C:\\xampp\\htdocs...', 5, Array)
#1 C:\xampp\htdocs\tes-jmc\system\View\View.php(210): include('C:\\xampp\\htdocs...')
#2 C:\xampp\htdocs\tes-jmc\system\View\View.php(213): CodeIgniter\View\View->CodeIgniter\View\{closure}()
#3 C:\xampp\htdocs\tes-jmc\system\Common.php(1089): CodeIgniter\View\View->render('province/formed...', Array, true)
#4 C:\xampp\htdocs\tes-jmc\app\Controllers\ProvinsiController.php(49): view('province/formed...', Array)
#5 C:\xampp\htdocs\tes-jmc\system\CodeIgniter.php(825): App\Controllers\ProvinsiController->edit('2')
#6 C:\xampp\htdocs\tes-jmc\system\CodeIgniter.php(412): CodeIgniter\CodeIgniter->runController(Object(App\Controllers\ProvinsiController))
#7 C:\xampp\htdocs\tes-jmc\system\CodeIgniter.php(320): CodeIgniter\CodeIgniter->handleRequest(NULL, Object(Config\Cache), false)
#8 C:\xampp\htdocs\tes-jmc\public\index.php(37): CodeIgniter\CodeIgniter->run()
#9 C:\xampp\htdocs\tes-jmc\system\Commands\Server\rewrite.php(43): require_once('C:\\xampp\\htdocs...')
#10 {main}
CRITICAL - 2022-01-22 20:20:07 --> Undefined variable: tampildata
#0 C:\xampp\htdocs\tes-jmc\app\Views\province\formeditprov.php(5): CodeIgniter\Debug\Exceptions->errorHandler(8, 'Undefined varia...', 'C:\\xampp\\htdocs...', 5, Array)
#1 C:\xampp\htdocs\tes-jmc\system\View\View.php(210): include('C:\\xampp\\htdocs...')
#2 C:\xampp\htdocs\tes-jmc\system\View\View.php(213): CodeIgniter\View\View->CodeIgniter\View\{closure}()
#3 C:\xampp\htdocs\tes-jmc\system\Common.php(1089): CodeIgniter\View\View->render('province/formed...', Array, true)
#4 C:\xampp\htdocs\tes-jmc\app\Controllers\ProvinsiController.php(49): view('province/formed...', Array)
#5 C:\xampp\htdocs\tes-jmc\system\CodeIgniter.php(825): App\Controllers\ProvinsiController->edit('2')
#6 C:\xampp\htdocs\tes-jmc\system\CodeIgniter.php(412): CodeIgniter\CodeIgniter->runController(Object(App\Controllers\ProvinsiController))
#7 C:\xampp\htdocs\tes-jmc\system\CodeIgniter.php(320): CodeIgniter\CodeIgniter->handleRequest(NULL, Object(Config\Cache), false)
#8 C:\xampp\htdocs\tes-jmc\public\index.php(37): CodeIgniter\CodeIgniter->run()
#9 C:\xampp\htdocs\tes-jmc\system\Commands\Server\rewrite.php(43): require_once('C:\\xampp\\htdocs...')
#10 {main}
CRITICAL - 2022-01-22 20:20:41 --> Undefined variable: id
#0 C:\xampp\htdocs\tes-jmc\app\Views\province\formeditprov.php(5): CodeIgniter\Debug\Exceptions->errorHandler(8, 'Undefined varia...', 'C:\\xampp\\htdocs...', 5, Array)
#1 C:\xampp\htdocs\tes-jmc\system\View\View.php(210): include('C:\\xampp\\htdocs...')
#2 C:\xampp\htdocs\tes-jmc\system\View\View.php(213): CodeIgniter\View\View->CodeIgniter\View\{closure}()
#3 C:\xampp\htdocs\tes-jmc\system\Common.php(1089): CodeIgniter\View\View->render('province/formed...', Array, true)
#4 C:\xampp\htdocs\tes-jmc\app\Controllers\ProvinsiController.php(49): view('province/formed...', Array)
#5 C:\xampp\htdocs\tes-jmc\system\CodeIgniter.php(825): App\Controllers\ProvinsiController->edit('2')
#6 C:\xampp\htdocs\tes-jmc\system\CodeIgniter.php(412): CodeIgniter\CodeIgniter->runController(Object(App\Controllers\ProvinsiController))
#7 C:\xampp\htdocs\tes-jmc\system\CodeIgniter.php(320): CodeIgniter\CodeIgniter->handleRequest(NULL, Object(Config\Cache), false)
#8 C:\xampp\htdocs\tes-jmc\public\index.php(37): CodeIgniter\CodeIgniter->run()
#9 C:\xampp\htdocs\tes-jmc\system\Commands\Server\rewrite.php(43): require_once('C:\\xampp\\htdocs...')
#10 {main}
CRITICAL - 2022-01-22 20:21:02 --> Undefined variable: data
#0 C:\xampp\htdocs\tes-jmc\app\Views\province\formeditprov.php(5): CodeIgniter\Debug\Exceptions->errorHandler(8, 'Undefined varia...', 'C:\\xampp\\htdocs...', 5, Array)
#1 C:\xampp\htdocs\tes-jmc\system\View\View.php(210): include('C:\\xampp\\htdocs...')
#2 C:\xampp\htdocs\tes-jmc\system\View\View.php(213): CodeIgniter\View\View->CodeIgniter\View\{closure}()
#3 C:\xampp\htdocs\tes-jmc\system\Common.php(1089): CodeIgniter\View\View->render('province/formed...', Array, true)
#4 C:\xampp\htdocs\tes-jmc\app\Controllers\ProvinsiController.php(49): view('province/formed...', Array)
#5 C:\xampp\htdocs\tes-jmc\system\CodeIgniter.php(825): App\Controllers\ProvinsiController->edit('2')
#6 C:\xampp\htdocs\tes-jmc\system\CodeIgniter.php(412): CodeIgniter\CodeIgniter->runController(Object(App\Controllers\ProvinsiController))
#7 C:\xampp\htdocs\tes-jmc\system\CodeIgniter.php(320): CodeIgniter\CodeIgniter->handleRequest(NULL, Object(Config\Cache), false)
#8 C:\xampp\htdocs\tes-jmc\public\index.php(37): CodeIgniter\CodeIgniter->run()
#9 C:\xampp\htdocs\tes-jmc\system\Commands\Server\rewrite.php(43): require_once('C:\\xampp\\htdocs...')
#10 {main}
CRITICAL - 2022-01-22 20:21:25 --> Undefined variable: pprovinsi
#0 C:\xampp\htdocs\tes-jmc\app\Views\province\formeditprov.php(5): CodeIgniter\Debug\Exceptions->errorHandler(8, 'Undefined varia...', 'C:\\xampp\\htdocs...', 5, Array)
#1 C:\xampp\htdocs\tes-jmc\system\View\View.php(210): include('C:\\xampp\\htdocs...')
#2 C:\xampp\htdocs\tes-jmc\system\View\View.php(213): CodeIgniter\View\View->CodeIgniter\View\{closure}()
#3 C:\xampp\htdocs\tes-jmc\system\Common.php(1089): CodeIgniter\View\View->render('province/formed...', Array, true)
#4 C:\xampp\htdocs\tes-jmc\app\Controllers\ProvinsiController.php(49): view('province/formed...', Array)
#5 C:\xampp\htdocs\tes-jmc\system\CodeIgniter.php(825): App\Controllers\ProvinsiController->edit('2')
#6 C:\xampp\htdocs\tes-jmc\system\CodeIgniter.php(412): CodeIgniter\CodeIgniter->runController(Object(App\Controllers\ProvinsiController))
#7 C:\xampp\htdocs\tes-jmc\system\CodeIgniter.php(320): CodeIgniter\CodeIgniter->handleRequest(NULL, Object(Config\Cache), false)
#8 C:\xampp\htdocs\tes-jmc\public\index.php(37): CodeIgniter\CodeIgniter->run()
#9 C:\xampp\htdocs\tes-jmc\system\Commands\Server\rewrite.php(43): require_once('C:\\xampp\\htdocs...')
#10 {main}
CRITICAL - 2022-01-22 20:21:37 --> Undefined variable: pprovinsi
#0 C:\xampp\htdocs\tes-jmc\app\Views\province\formeditprov.php(5): CodeIgniter\Debug\Exceptions->errorHandler(8, 'Undefined varia...', 'C:\\xampp\\htdocs...', 5, Array)
#1 C:\xampp\htdocs\tes-jmc\system\View\View.php(210): include('C:\\xampp\\htdocs...')
#2 C:\xampp\htdocs\tes-jmc\system\View\View.php(213): CodeIgniter\View\View->CodeIgniter\View\{closure}()
#3 C:\xampp\htdocs\tes-jmc\system\Common.php(1089): CodeIgniter\View\View->render('province/formed...', Array, true)
#4 C:\xampp\htdocs\tes-jmc\app\Controllers\ProvinsiController.php(49): view('province/formed...', Array)
#5 C:\xampp\htdocs\tes-jmc\system\CodeIgniter.php(825): App\Controllers\ProvinsiController->edit('2')
#6 C:\xampp\htdocs\tes-jmc\system\CodeIgniter.php(412): CodeIgniter\CodeIgniter->runController(Object(App\Controllers\ProvinsiController))
#7 C:\xampp\htdocs\tes-jmc\system\CodeIgniter.php(320): CodeIgniter\CodeIgniter->handleRequest(NULL, Object(Config\Cache), false)
#8 C:\xampp\htdocs\tes-jmc\public\index.php(37): CodeIgniter\CodeIgniter->run()
#9 C:\xampp\htdocs\tes-jmc\system\Commands\Server\rewrite.php(43): require_once('C:\\xampp\\htdocs...')
#10 {main}
CRITICAL - 2022-01-22 20:21:45 --> Undefined variable: tampildata
#0 C:\xampp\htdocs\tes-jmc\app\Views\province\formeditprov.php(5): CodeIgniter\Debug\Exceptions->errorHandler(8, 'Undefined varia...', 'C:\\xampp\\htdocs...', 5, Array)
#1 C:\xampp\htdocs\tes-jmc\system\View\View.php(210): include('C:\\xampp\\htdocs...')
#2 C:\xampp\htdocs\tes-jmc\system\View\View.php(213): CodeIgniter\View\View->CodeIgniter\View\{closure}()
#3 C:\xampp\htdocs\tes-jmc\system\Common.php(1089): CodeIgniter\View\View->render('province/formed...', Array, true)
#4 C:\xampp\htdocs\tes-jmc\app\Controllers\ProvinsiController.php(49): view('province/formed...', Array)
#5 C:\xampp\htdocs\tes-jmc\system\CodeIgniter.php(825): App\Controllers\ProvinsiController->edit('2')
#6 C:\xampp\htdocs\tes-jmc\system\CodeIgniter.php(412): CodeIgniter\CodeIgniter->runController(Object(App\Controllers\ProvinsiController))
#7 C:\xampp\htdocs\tes-jmc\system\CodeIgniter.php(320): CodeIgniter\CodeIgniter->handleRequest(NULL, Object(Config\Cache), false)
#8 C:\xampp\htdocs\tes-jmc\public\index.php(37): CodeIgniter\CodeIgniter->run()
#9 C:\xampp\htdocs\tes-jmc\system\Commands\Server\rewrite.php(43): require_once('C:\\xampp\\htdocs...')
#10 {main}
CRITICAL - 2022-01-22 20:23:45 --> Undefined variable: data
#0 C:\xampp\htdocs\tes-jmc\app\Views\province\formeditprov.php(5): CodeIgniter\Debug\Exceptions->errorHandler(8, 'Undefined varia...', 'C:\\xampp\\htdocs...', 5, Array)
#1 C:\xampp\htdocs\tes-jmc\system\View\View.php(210): include('C:\\xampp\\htdocs...')
#2 C:\xampp\htdocs\tes-jmc\system\View\View.php(213): CodeIgniter\View\View->CodeIgniter\View\{closure}()
#3 C:\xampp\htdocs\tes-jmc\system\Common.php(1089): CodeIgniter\View\View->render('province/formed...', Array, true)
#4 C:\xampp\htdocs\tes-jmc\app\Controllers\ProvinsiController.php(49): view('province/formed...', Array)
#5 C:\xampp\htdocs\tes-jmc\system\CodeIgniter.php(825): App\Controllers\ProvinsiController->edit('2')
#6 C:\xampp\htdocs\tes-jmc\system\CodeIgniter.php(412): CodeIgniter\CodeIgniter->runController(Object(App\Controllers\ProvinsiController))
#7 C:\xampp\htdocs\tes-jmc\system\CodeIgniter.php(320): CodeIgniter\CodeIgniter->handleRequest(NULL, Object(Config\Cache), false)
#8 C:\xampp\htdocs\tes-jmc\public\index.php(37): CodeIgniter\CodeIgniter->run()
#9 C:\xampp\htdocs\tes-jmc\system\Commands\Server\rewrite.php(43): require_once('C:\\xampp\\htdocs...')
#10 {main}
CRITICAL - 2022-01-22 20:23:50 --> Undefined variable: tampildata
#0 C:\xampp\htdocs\tes-jmc\app\Views\province\formeditprov.php(5): CodeIgniter\Debug\Exceptions->errorHandler(8, 'Undefined varia...', 'C:\\xampp\\htdocs...', 5, Array)
#1 C:\xampp\htdocs\tes-jmc\system\View\View.php(210): include('C:\\xampp\\htdocs...')
#2 C:\xampp\htdocs\tes-jmc\system\View\View.php(213): CodeIgniter\View\View->CodeIgniter\View\{closure}()
#3 C:\xampp\htdocs\tes-jmc\system\Common.php(1089): CodeIgniter\View\View->render('province/formed...', Array, true)
#4 C:\xampp\htdocs\tes-jmc\app\Controllers\ProvinsiController.php(49): view('province/formed...', Array)
#5 C:\xampp\htdocs\tes-jmc\system\CodeIgniter.php(825): App\Controllers\ProvinsiController->edit('2')
#6 C:\xampp\htdocs\tes-jmc\system\CodeIgniter.php(412): CodeIgniter\CodeIgniter->runController(Object(App\Controllers\ProvinsiController))
#7 C:\xampp\htdocs\tes-jmc\system\CodeIgniter.php(320): CodeIgniter\CodeIgniter->handleRequest(NULL, Object(Config\Cache), false)
#8 C:\xampp\htdocs\tes-jmc\public\index.php(37): CodeIgniter\CodeIgniter->run()
#9 C:\xampp\htdocs\tes-jmc\system\Commands\Server\rewrite.php(43): require_once('C:\\xampp\\htdocs...')
#10 {main}
CRITICAL - 2022-01-22 20:23:59 --> Undefined variable: tampildata
#0 C:\xampp\htdocs\tes-jmc\app\Views\province\formeditprov.php(9): CodeIgniter\Debug\Exceptions->errorHandler(8, 'Undefined varia...', 'C:\\xampp\\htdocs...', 9, Array)
#1 C:\xampp\htdocs\tes-jmc\system\View\View.php(210): include('C:\\xampp\\htdocs...')
#2 C:\xampp\htdocs\tes-jmc\system\View\View.php(213): CodeIgniter\View\View->CodeIgniter\View\{closure}()
#3 C:\xampp\htdocs\tes-jmc\system\Common.php(1089): CodeIgniter\View\View->render('province/formed...', Array, true)
#4 C:\xampp\htdocs\tes-jmc\app\Controllers\ProvinsiController.php(49): view('province/formed...', Array)
#5 C:\xampp\htdocs\tes-jmc\system\CodeIgniter.php(825): App\Controllers\ProvinsiController->edit('2')
#6 C:\xampp\htdocs\tes-jmc\system\CodeIgniter.php(412): CodeIgniter\CodeIgniter->runController(Object(App\Controllers\ProvinsiController))
#7 C:\xampp\htdocs\tes-jmc\system\CodeIgniter.php(320): CodeIgniter\CodeIgniter->handleRequest(NULL, Object(Config\Cache), false)
#8 C:\xampp\htdocs\tes-jmc\public\index.php(37): CodeIgniter\CodeIgniter->run()
#9 C:\xampp\htdocs\tes-jmc\system\Commands\Server\rewrite.php(43): require_once('C:\\xampp\\htdocs...')
#10 {main}
ERROR - 2022-01-22 23:35:55 --> Unknown table 'jmc.kota'
CRITICAL - 2022-01-22 23:57:25 --> Object of class stdClass could not be converted to string
#0 C:\xampp\htdocs\tes-jmc\system\View\View.php(210): include()
#1 C:\xampp\htdocs\tes-jmc\system\View\View.php(213): CodeIgniter\View\View->CodeIgniter\View\{closure}()
#2 C:\xampp\htdocs\tes-jmc\system\Common.php(1089): CodeIgniter\View\View->render('province/formed...', Array, true)
#3 C:\xampp\htdocs\tes-jmc\app\Controllers\ProvinsiController.php(49): view('province/formed...', Array)
#4 C:\xampp\htdocs\tes-jmc\system\CodeIgniter.php(825): App\Controllers\ProvinsiController->edit('2')
#5 C:\xampp\htdocs\tes-jmc\system\CodeIgniter.php(412): CodeIgniter\CodeIgniter->runController(Object(App\Controllers\ProvinsiController))
#6 C:\xampp\htdocs\tes-jmc\system\CodeIgniter.php(320): CodeIgniter\CodeIgniter->handleRequest(NULL, Object(Config\Cache), false)
#7 C:\xampp\htdocs\tes-jmc\public\index.php(37): CodeIgniter\CodeIgniter->run()
#8 C:\xampp\htdocs\tes-jmc\system\Commands\Server\rewrite.php(43): require_once('C:\\xampp\\htdocs...')
#9 {main}
